<?xml version="1.0" encoding="UTF-8"?>
<!-- Generated by org.testng.reporters.JUnitXMLReporter -->
<testsuite hostname="anhptq-w7" name="Default test" tests="2" failures="0" timestamp="21 Mar 2016 03:00:11 GMT" time="0.028" errors="0">
  <testcase name="LoginFail" time="0.0" classname="com.vsii.tsc.TSCSelenium06.Anhptq.test.Login">
    <skipped/>
  </testcase> <!-- LoginFail -->
  <testcase name="LoginSuccess" time="0.0" classname="com.vsii.tsc.TSCSelenium06.Anhptq.test.Login">
    <skipped/>
  </testcase> <!-- LoginSuccess -->
</testsuite> <!-- Default test -->
