<?xml version="1.0" encoding="UTF-8"?>
<!-- Generated by org.testng.reporters.JUnitXMLReporter -->
<testsuite hostname="TrangLe-PC" name="Login" tests="5" failures="0" timestamp="14 Mar 2016 14:02:43 GMT" time="31.378" errors="0">
  <testcase name="LoginFail" time="6.681" classname="com.vsii.tsc.TSCSelenium06.tranglt.Test.Login"/>
  <testcase name="LoginFail" time="4.556" classname="com.vsii.tsc.TSCSelenium06.tranglt.Test.Login"/>
  <testcase name="LoginFail" time="4.648" classname="com.vsii.tsc.TSCSelenium06.tranglt.Test.Login"/>
  <testcase name="LoginFail" time="4.685" classname="com.vsii.tsc.TSCSelenium06.tranglt.Test.Login"/>
  <testcase name="LoginSuccess" time="8.305" classname="com.vsii.tsc.TSCSelenium06.tranglt.Test.Login"/>
</testsuite> <!-- Login -->
