<?xml version="1.0" encoding="UTF-8"?>
<testng-results skipped="0" failed="1" total="1" passed="0">
  <reporter-output>
  </reporter-output>
  <suite name="Default suite" duration-ms="44299" started-at="2016-03-15T10:07:19Z" finished-at="2016-03-15T10:08:03Z">
    <groups>
    </groups>
    <test name="Default test" duration-ms="44299" started-at="2016-03-15T10:07:19Z" finished-at="2016-03-15T10:08:03Z">
      <class name="com.vsii.tsc.TSCSelenium06.quyentx.tests.checkPurchaseDress">
        <test-method status="PASS" signature="beforeClass()[pri:0, instance:com.vsii.tsc.TSCSelenium06.quyentx.tests.checkPurchaseDress@16e8792]" name="beforeClass" is-config="true" duration-ms="8380" started-at="2016-03-15T17:07:10Z" finished-at="2016-03-15T17:07:19Z">
          <reporter-output>
          </reporter-output>
        </test-method> <!-- beforeClass -->
        <test-method status="PASS" signature="preTest()[pri:0, instance:com.vsii.tsc.TSCSelenium06.quyentx.tests.checkPurchaseDress@16e8792]" name="preTest" is-config="true" duration-ms="21739" started-at="2016-03-15T17:07:19Z" finished-at="2016-03-15T17:07:41Z">
          <reporter-output>
          </reporter-output>
        </test-method> <!-- preTest -->
        <test-method status="FAIL" signature="purchaseDressValid()[pri:0, instance:com.vsii.tsc.TSCSelenium06.quyentx.tests.checkPurchaseDress@16e8792]" name="purchaseDressValid" duration-ms="22541" started-at="2016-03-15T17:07:41Z" finished-at="2016-03-15T17:08:03Z">
          <exception class="java.lang.AssertionError">
            <message>
              <![CDATA[expected [Order confirmation] but found [ORDER CONFIRMATION]]]>
            </message>
            <full-stacktrace>
              <![CDATA[java.lang.AssertionError: expected [Order confirmation] but found [ORDER CONFIRMATION]
	at org.testng.Assert.fail(Assert.java:94)
	at org.testng.Assert.failNotEquals(Assert.java:496)
	at org.testng.Assert.assertEquals(Assert.java:125)
	at org.testng.Assert.assertEquals(Assert.java:178)
	at org.testng.Assert.assertEquals(Assert.java:188)
	at com.vsii.tsc.TSCSelenium06.quyentx.tests.checkPurchaseDress.purchaseDressValid(checkPurchaseDress.java:21)
	at sun.reflect.NativeMethodAccessorImpl.invoke0(Native Method)
	at sun.reflect.NativeMethodAccessorImpl.invoke(NativeMethodAccessorImpl.java:62)
	at sun.reflect.DelegatingMethodAccessorImpl.invoke(DelegatingMethodAccessorImpl.java:43)
	at java.lang.reflect.Method.invoke(Method.java:498)
	at org.testng.internal.MethodInvocationHelper.invokeMethod(MethodInvocationHelper.java:85)
	at org.testng.internal.Invoker.invokeMethod(Invoker.java:639)
	at org.testng.internal.Invoker.invokeTestMethod(Invoker.java:816)
	at org.testng.internal.Invoker.invokeTestMethods(Invoker.java:1124)
	at org.testng.internal.TestMethodWorker.invokeTestMethods(TestMethodWorker.java:125)
	at org.testng.internal.TestMethodWorker.run(TestMethodWorker.java:108)
	at org.testng.TestRunner.privateRun(TestRunner.java:774)
	at org.testng.TestRunner.run(TestRunner.java:624)
	at org.testng.SuiteRunner.runTest(SuiteRunner.java:359)
	at org.testng.SuiteRunner.runSequentially(SuiteRunner.java:354)
	at org.testng.SuiteRunner.privateRun(SuiteRunner.java:312)
	at org.testng.SuiteRunner.run(SuiteRunner.java:261)
	at org.testng.SuiteRunnerWorker.runSuite(SuiteRunnerWorker.java:52)
	at org.testng.SuiteRunnerWorker.run(SuiteRunnerWorker.java:86)
	at org.testng.TestNG.runSuitesSequentially(TestNG.java:1215)
	at org.testng.TestNG.runSuitesLocally(TestNG.java:1140)
	at org.testng.TestNG.run(TestNG.java:1048)
	at org.testng.remote.RemoteTestNG.run(RemoteTestNG.java:112)
	at org.testng.remote.RemoteTestNG.initAndRun(RemoteTestNG.java:205)
	at org.testng.remote.RemoteTestNG.main(RemoteTestNG.java:176)
]]>
            </full-stacktrace>
          </exception> <!-- java.lang.AssertionError -->
          <reporter-output>
          </reporter-output>
        </test-method> <!-- purchaseDressValid -->
        <test-method status="PASS" signature="afterSuite()[pri:0, instance:com.vsii.tsc.TSCSelenium06.quyentx.tests.checkPurchaseDress@16e8792]" name="afterSuite" is-config="true" duration-ms="27" started-at="2016-03-15T17:08:03Z" finished-at="2016-03-15T17:08:03Z">
          <reporter-output>
          </reporter-output>
        </test-method> <!-- afterSuite -->
      </class> <!-- com.vsii.tsc.TSCSelenium06.quyentx.tests.checkPurchaseDress -->
    </test> <!-- Default test -->
  </suite> <!-- Default suite -->
</testng-results>
