<?xml version="1.0" encoding="UTF-8"?>
<testng-results skipped="0" failed="0" total="5" passed="5">
  <reporter-output>
  </reporter-output>
  <suite name="Default suite" duration-ms="70562" started-at="2016-03-15T09:29:00Z" finished-at="2016-03-15T09:30:11Z">
    <groups>
    </groups>
    <test name="Default test" duration-ms="70562" started-at="2016-03-15T09:29:00Z" finished-at="2016-03-15T09:30:11Z">
      <class name="automationpractice.com.scripts.LoginTest">
        <test-method status="PASS" signature="beforeTest()[pri:0, instance:automationpractice.com.scripts.LoginTest@48140564]" name="beforeTest" is-config="true" duration-ms="24866" started-at="2016-03-15T16:29:00Z" finished-at="2016-03-15T16:29:25Z">
          <reporter-output>
          </reporter-output>
        </test-method> <!-- beforeTest -->
        <test-method status="PASS" signature="LoginFail(java.lang.String, java.lang.String, java.lang.String)[pri:0, instance:automationpractice.com.scripts.LoginTest@48140564]" name="LoginFail" duration-ms="24459" started-at="2016-03-15T16:29:26Z" data-provider="authenticate" finished-at="2016-03-15T16:29:50Z">
          <params>
            <param index="0">
              <value>
                <![CDATA[]]>
              </value>
            </param>
            <param index="1">
              <value>
                <![CDATA[]]>
              </value>
            </param>
            <param index="2">
              <value>
                <![CDATA[An email address required.]]>
              </value>
            </param>
          </params>
          <reporter-output>
          </reporter-output>
        </test-method> <!-- LoginFail -->
        <test-method status="PASS" signature="LoginFail(java.lang.String, java.lang.String, java.lang.String)[pri:0, instance:automationpractice.com.scripts.LoginTest@48140564]" name="LoginFail" duration-ms="4754" started-at="2016-03-15T16:29:50Z" data-provider="authenticate" finished-at="2016-03-15T16:29:55Z">
          <params>
            <param index="0">
              <value>
                <![CDATA[]]>
              </value>
            </param>
            <param index="1">
              <value>
                <![CDATA[123456.0]]>
              </value>
            </param>
            <param index="2">
              <value>
                <![CDATA[An email address required.]]>
              </value>
            </param>
          </params>
          <reporter-output>
          </reporter-output>
        </test-method> <!-- LoginFail -->
        <test-method status="PASS" signature="LoginFail(java.lang.String, java.lang.String, java.lang.String)[pri:0, instance:automationpractice.com.scripts.LoginTest@48140564]" name="LoginFail" duration-ms="5268" started-at="2016-03-15T16:29:55Z" data-provider="authenticate" finished-at="2016-03-15T16:30:00Z">
          <params>
            <param index="0">
              <value>
                <![CDATA[abc@gmail.com]]>
              </value>
            </param>
            <param index="1">
              <value>
                <![CDATA[]]>
              </value>
            </param>
            <param index="2">
              <value>
                <![CDATA[Password is required.]]>
              </value>
            </param>
          </params>
          <reporter-output>
          </reporter-output>
        </test-method> <!-- LoginFail -->
        <test-method status="PASS" signature="LoginFail(java.lang.String, java.lang.String, java.lang.String)[pri:0, instance:automationpractice.com.scripts.LoginTest@48140564]" name="LoginFail" duration-ms="4910" started-at="2016-03-15T16:30:00Z" data-provider="authenticate" finished-at="2016-03-15T16:30:05Z">
          <params>
            <param index="0">
              <value>
                <![CDATA[gdgddhj]]>
              </value>
            </param>
            <param index="1">
              <value>
                <![CDATA[2222222.0]]>
              </value>
            </param>
            <param index="2">
              <value>
                <![CDATA[Invalid email address.]]>
              </value>
            </param>
          </params>
          <reporter-output>
          </reporter-output>
        </test-method> <!-- LoginFail -->
        <test-method status="PASS" signature="LoginFail(java.lang.String, java.lang.String, java.lang.String)[pri:0, instance:automationpractice.com.scripts.LoginTest@48140564]" name="LoginFail" duration-ms="4785" started-at="2016-03-15T16:30:05Z" data-provider="authenticate" finished-at="2016-03-15T16:30:10Z">
          <params>
            <param index="0">
              <value>
                <![CDATA[abc@def.com]]>
              </value>
            </param>
            <param index="1">
              <value>
                <![CDATA[9.9999999E7]]>
              </value>
            </param>
            <param index="2">
              <value>
                <![CDATA[Authentication failed.]]>
              </value>
            </param>
          </params>
          <reporter-output>
          </reporter-output>
        </test-method> <!-- LoginFail -->
        <test-method status="PASS" signature="tear()[pri:0, instance:automationpractice.com.scripts.LoginTest@48140564]" name="tear" is-config="true" duration-ms="910" started-at="2016-03-15T16:30:10Z" finished-at="2016-03-15T16:30:11Z">
          <reporter-output>
          </reporter-output>
        </test-method> <!-- tear -->
        <test-method status="PASS" signature="afterTest()[pri:0, instance:automationpractice.com.scripts.LoginTest@48140564]" name="afterTest" is-config="true" duration-ms="0" started-at="2016-03-15T16:30:11Z" finished-at="2016-03-15T16:30:11Z">
          <reporter-output>
          </reporter-output>
        </test-method> <!-- afterTest -->
      </class> <!-- automationpractice.com.scripts.LoginTest -->
    </test> <!-- Default test -->
  </suite> <!-- Default suite -->
</testng-results>
