<?xml version="1.0" encoding="UTF-8"?>
<!-- Generated by org.testng.reporters.JUnitXMLReporter -->
<testsuite hostname="tinhlt-w7" name="Default test" tests="5" failures="0" timestamp="15 Mar 2016 09:30:11 GMT" time="70.562" errors="0">
  <testcase name="LoginFail" time="24.459" classname="automationpractice.com.scripts.LoginTest"/>
  <testcase name="LoginFail" time="4.754" classname="automationpractice.com.scripts.LoginTest"/>
  <testcase name="LoginFail" time="5.268" classname="automationpractice.com.scripts.LoginTest"/>
  <testcase name="LoginFail" time="4.91" classname="automationpractice.com.scripts.LoginTest"/>
  <testcase name="LoginFail" time="4.785" classname="automationpractice.com.scripts.LoginTest"/>
</testsuite> <!-- Default test -->
